<?xml version="1.0" encoding="UTF-8"?>
<beans xmlns="http://www.springframework.org/schema/beans"
	xmlns:xsi="http://www.w3.org/2001/XMLSchema-instance"
	xmlns:p="http://www.springframework.org/schema/p"
	xmlns:tx="http://www.springframework.org/schema/tx"
	xsi:schemaLocation="
			http://www.springframework.org/schema/beans
			http://www.springframework.org/schema/beans/spring-beans-4.2.xsd
			http://www.springframework.org/schema/tx
			http://www.springframework.org/schema/tx/spring-tx-4.2.xsd">

	<bean id="dataSource"
		class="org.apache.tomcat.jdbc.pool.DataSource">
		<property name="poolProperties">
			<bean class="org.apache.tomcat.jdbc.pool.PoolProperties"
				p:url="${jdbc.url}"
				p:driverClassName="${jdbc.driver}"
				p:username="${jdbc.user}"
				p:password="${jdbc.pass}"
				p:jmxEnabled="false"
				p:testWhileIdle="false"
				p:testOnBorrow="true"
				p:validationQuery="SELECT CURRENT_DATE"
				p:testOnReturn="false"
				p:validationInterval="30000"
				p:initialSize="0"
				p:logAbandoned="true"
				p:jdbcInterceptors="org.apache.tomcat.jdbc.pool.interceptor.ConnectionState;org.apache.tomcat.jdbc.pool.interceptor.StatementFinalizer"
				/>
		</property>
	</bean>

	<bean id="txManager"
		class="org.springframework.jdbc.datasource.DataSourceTransactionManager">
		<property name="dataSource" ref="dataSource"/>
	</bean>

</beans>
